<?xml version="1.0" encoding="UTF-8"?>
<!-- Generated by org.testng.reporters.JUnitReportReporter -->
<testsuite skipped="0" hostname="DEEP-1808222042" name="com.testng.test.OpenOA" tests="1" failures="0" timestamp="10 五月 2019 15:29:32 GMT" time="11.265" errors="0">
  <testcase name="f" time="11.265" classname="com.testng.test.OpenOA"/>
</testsuite> <!-- com.testng.test.OpenOA -->
