<?xml version="1.0" encoding="UTF-8"?>
<!-- Generated by org.testng.reporters.JUnitReportReporter -->
<testsuite skipped="0" hostname="DEEP-1808222042" name="com.testng.test.OpenTest" tests="1" failures="0" timestamp="20 五月 2019 15:43:57 GMT" time="9.456" errors="0">
  <testcase name="openBrowser" time="9.456" classname="com.testng.test.OpenTest"/>
</testsuite> <!-- com.testng.test.OpenTest -->
