<?xml version="1.0" encoding="UTF-8" ?>
<testsuite tests="1" failures="0" name="TestSuite" time="22.397" errors="0" skipped="0">
  <properties>
    <property name="java.runtime.name" value="Java(TM) SE Runtime Environment"/>
    <property name="sun.boot.library.path" value="E:\Java\jdk1.8.0_101\jre\bin"/>
    <property name="java.vm.version" value="25.101-b13"/>
    <property name="java.vm.vendor" value="Oracle Corporation"/>
    <property name="java.vendor.url" value="http://java.oracle.com/"/>
    <property name="path.separator" value=";"/>
    <property name="java.vm.name" value="Java HotSpot(TM) 64-Bit Server VM"/>
    <property name="file.encoding.pkg" value="sun.io"/>
    <property name="user.script" value=""/>
    <property name="user.country" value="CN"/>
    <property name="sun.java.launcher" value="SUN_STANDARD"/>
    <property name="sun.os.patch.level" value=""/>
    <property name="java.vm.specification.name" value="Java Virtual Machine Specification"/>
    <property name="user.dir" value="E:\Javaworkspace\10oaTest\target"/>
    <property name="java.runtime.version" value="1.8.0_101-b13"/>
    <property name="java.awt.graphicsenv" value="sun.awt.Win32GraphicsEnvironment"/>
    <property name="basedir" value="E:\Javaworkspace\10oaTest"/>
    <property name="java.endorsed.dirs" value="E:\Java\jdk1.8.0_101\jre\lib\endorsed"/>
    <property name="os.arch" value="amd64"/>
    <property name="surefire.real.class.path" value="C:\Users\ADMINI~1\AppData\Local\Temp\surefirebooter9117695472309990860.jar"/>
    <property name="java.io.tmpdir" value="C:\Users\ADMINI~1\AppData\Local\Temp\"/>
    <property name="line.separator" value="
"/>
    <property name="java.vm.specification.vendor" value="Oracle Corporation"/>
    <property name="user.variant" value=""/>
    <property name="os.name" value="Windows 10"/>
    <property name="sun.jnu.encoding" value="GBK"/>
    <property name="java.library.path" value="E:\Java\jdk1.8.0_101\jre\bin;C:\Windows\Sun\Java\bin;C:\Windows\system32;C:\Windows;E:/Java/jre1.8.0_101/bin/server;E:/Java/jre1.8.0_101/bin;E:/Java/jre1.8.0_101/lib/amd64;C:\ProgramData\Oracle\Java\javapath;C:\Windows\system32;C:\Windows;C:\Windows\System32\Wbem;C:\Windows\System32\WindowsPowerShell\v1.0\;E:\Java\jdk1.8.0_101\bin;E:\Java\jdk1.8.0_101\jre\bin;C:\strawberry\c\bin;C:\strawberry\perl\bin;C:\Program Files (x86)\MySQL\MySQL Server 5.0\bin;E:\apache-maven-3.6.0\bin;;E:\eclipse;;."/>
    <property name="surefire.test.class.path" value="E:\Javaworkspace\10oaTest\target\test-classes;E:\Javaworkspace\10oaTest\target\classes;E:\LocalWarehouse\org\testng\testng\6.14.2\testng-6.14.2.jar;E:\LocalWarehouse\com\beust\jcommander\1.72\jcommander-1.72.jar;E:\LocalWarehouse\org\apache-extras\beanshell\bsh\2.0b6\bsh-2.0b6.jar;E:\LocalWarehouse\org\uncommons\reportng\1.1.4\reportng-1.1.4.jar;E:\LocalWarehouse\velocity\velocity\1.4\velocity-1.4.jar;E:\LocalWarehouse\velocity\velocity-dep\1.4\velocity-dep-1.4.jar;E:\LocalWarehouse\org\seleniumhq\selenium\selenium-java\2.44.0\selenium-java-2.44.0.jar;E:\LocalWarehouse\org\seleniumhq\selenium\selenium-chrome-driver\2.44.0\selenium-chrome-driver-2.44.0.jar;E:\LocalWarehouse\org\seleniumhq\selenium\selenium-remote-driver\2.44.0\selenium-remote-driver-2.44.0.jar;E:\LocalWarehouse\cglib\cglib-nodep\2.1_3\cglib-nodep-2.1_3.jar;E:\LocalWarehouse\com\google\code\gson\gson\2.3\gson-2.3.jar;E:\LocalWarehouse\org\seleniumhq\selenium\selenium-api\2.44.0\selenium-api-2.44.0.jar;E:\LocalWarehouse\com\google\guava\guava\18.0\guava-18.0.jar;E:\LocalWarehouse\org\seleniumhq\selenium\selenium-htmlunit-driver\2.44.0\selenium-htmlunit-driver-2.44.0.jar;E:\LocalWarehouse\net\sourceforge\htmlunit\htmlunit\2.15\htmlunit-2.15.jar;E:\LocalWarehouse\xalan\xalan\2.7.1\xalan-2.7.1.jar;E:\LocalWarehouse\xalan\serializer\2.7.1\serializer-2.7.1.jar;E:\LocalWarehouse\commons-collections\commons-collections\3.2.1\commons-collections-3.2.1.jar;E:\LocalWarehouse\org\apache\commons\commons-lang3\3.3.2\commons-lang3-3.3.2.jar;E:\LocalWarehouse\org\apache\httpcomponents\httpmime\4.3.3\httpmime-4.3.3.jar;E:\LocalWarehouse\commons-codec\commons-codec\1.9\commons-codec-1.9.jar;E:\LocalWarehouse\net\sourceforge\htmlunit\htmlunit-core-js\2.15\htmlunit-core-js-2.15.jar;E:\LocalWarehouse\xerces\xercesImpl\2.11.0\xercesImpl-2.11.0.jar;E:\LocalWarehouse\xml-apis\xml-apis\1.4.01\xml-apis-1.4.01.jar;E:\LocalWarehouse\net\sourceforge\nekohtml\nekohtml\1.9.21\nekohtml-1.9.21.jar;E:\LocalWarehouse\net\sourceforge\cssparser\cssparser\0.9.14\cssparser-0.9.14.jar;E:\LocalWarehouse\org\w3c\css\sac\1.3\sac-1.3.jar;E:\LocalWarehouse\commons-logging\commons-logging\1.1.3\commons-logging-1.1.3.jar;E:\LocalWarehouse\org\eclipse\jetty\jetty-websocket\8.1.15.v20140411\jetty-websocket-8.1.15.v20140411.jar;E:\LocalWarehouse\org\eclipse\jetty\jetty-util\8.1.15.v20140411\jetty-util-8.1.15.v20140411.jar;E:\LocalWarehouse\org\eclipse\jetty\jetty-io\8.1.15.v20140411\jetty-io-8.1.15.v20140411.jar;E:\LocalWarehouse\org\eclipse\jetty\jetty-http\8.1.15.v20140411\jetty-http-8.1.15.v20140411.jar;E:\LocalWarehouse\org\apache\httpcomponents\httpclient\4.3.4\httpclient-4.3.4.jar;E:\LocalWarehouse\org\apache\httpcomponents\httpcore\4.3.2\httpcore-4.3.2.jar;E:\LocalWarehouse\org\seleniumhq\selenium\selenium-firefox-driver\2.44.0\selenium-firefox-driver-2.44.0.jar;E:\LocalWarehouse\commons-io\commons-io\2.4\commons-io-2.4.jar;E:\LocalWarehouse\org\apache\commons\commons-exec\1.1\commons-exec-1.1.jar;E:\LocalWarehouse\org\seleniumhq\selenium\selenium-ie-driver\2.44.0\selenium-ie-driver-2.44.0.jar;E:\LocalWarehouse\net\java\dev\jna\jna\3.4.0\jna-3.4.0.jar;E:\LocalWarehouse\net\java\dev\jna\platform\3.4.0\platform-3.4.0.jar;E:\LocalWarehouse\org\seleniumhq\selenium\selenium-safari-driver\2.44.0\selenium-safari-driver-2.44.0.jar;E:\LocalWarehouse\org\seleniumhq\selenium\selenium-support\2.44.0\selenium-support-2.44.0.jar;E:\LocalWarehouse\org\webbitserver\webbit\0.4.14\webbit-0.4.14.jar;E:\LocalWarehouse\io\netty\netty\3.5.2.Final\netty-3.5.2.Final.jar;E:\LocalWarehouse\com\google\inject\guice\3.0\guice-3.0.jar;E:\LocalWarehouse\javax\inject\javax.inject\1\javax.inject-1.jar;E:\LocalWarehouse\aopalliance\aopalliance\1.0\aopalliance-1.0.jar;E:\LocalWarehouse\net\sf\saxon\saxon\8.7\saxon-8.7.jar;"/>
    <property name="java.specification.name" value="Java Platform API Specification"/>
    <property name="java.class.version" value="52.0"/>
    <property name="sun.management.compiler" value="HotSpot 64-Bit Tiered Compilers"/>
    <property name="os.version" value="10.0"/>
    <property name="webdriver.firefox.bin" value="E:\Program Files (x86)\Mozilla Firefox\firefox.exe"/>
    <property name="user.home" value="C:\Users\Administrator"/>
    <property name="user.timezone" value="Asia/Shanghai"/>
    <property name="java.awt.printerjob" value="sun.awt.windows.WPrinterJob"/>
    <property name="java.specification.version" value="1.8"/>
    <property name="file.encoding" value="UTF-8"/>
    <property name="user.name" value="Administrator"/>
    <property name="java.class.path" value="E:\Javaworkspace\10oaTest\target\test-classes;E:\Javaworkspace\10oaTest\target\classes;E:\LocalWarehouse\org\testng\testng\6.14.2\testng-6.14.2.jar;E:\LocalWarehouse\com\beust\jcommander\1.72\jcommander-1.72.jar;E:\LocalWarehouse\org\apache-extras\beanshell\bsh\2.0b6\bsh-2.0b6.jar;E:\LocalWarehouse\org\uncommons\reportng\1.1.4\reportng-1.1.4.jar;E:\LocalWarehouse\velocity\velocity\1.4\velocity-1.4.jar;E:\LocalWarehouse\velocity\velocity-dep\1.4\velocity-dep-1.4.jar;E:\LocalWarehouse\org\seleniumhq\selenium\selenium-java\2.44.0\selenium-java-2.44.0.jar;E:\LocalWarehouse\org\seleniumhq\selenium\selenium-chrome-driver\2.44.0\selenium-chrome-driver-2.44.0.jar;E:\LocalWarehouse\org\seleniumhq\selenium\selenium-remote-driver\2.44.0\selenium-remote-driver-2.44.0.jar;E:\LocalWarehouse\cglib\cglib-nodep\2.1_3\cglib-nodep-2.1_3.jar;E:\LocalWarehouse\com\google\code\gson\gson\2.3\gson-2.3.jar;E:\LocalWarehouse\org\seleniumhq\selenium\selenium-api\2.44.0\selenium-api-2.44.0.jar;E:\LocalWarehouse\com\google\guava\guava\18.0\guava-18.0.jar;E:\LocalWarehouse\org\seleniumhq\selenium\selenium-htmlunit-driver\2.44.0\selenium-htmlunit-driver-2.44.0.jar;E:\LocalWarehouse\net\sourceforge\htmlunit\htmlunit\2.15\htmlunit-2.15.jar;E:\LocalWarehouse\xalan\xalan\2.7.1\xalan-2.7.1.jar;E:\LocalWarehouse\xalan\serializer\2.7.1\serializer-2.7.1.jar;E:\LocalWarehouse\commons-collections\commons-collections\3.2.1\commons-collections-3.2.1.jar;E:\LocalWarehouse\org\apache\commons\commons-lang3\3.3.2\commons-lang3-3.3.2.jar;E:\LocalWarehouse\org\apache\httpcomponents\httpmime\4.3.3\httpmime-4.3.3.jar;E:\LocalWarehouse\commons-codec\commons-codec\1.9\commons-codec-1.9.jar;E:\LocalWarehouse\net\sourceforge\htmlunit\htmlunit-core-js\2.15\htmlunit-core-js-2.15.jar;E:\LocalWarehouse\xerces\xercesImpl\2.11.0\xercesImpl-2.11.0.jar;E:\LocalWarehouse\xml-apis\xml-apis\1.4.01\xml-apis-1.4.01.jar;E:\LocalWarehouse\net\sourceforge\nekohtml\nekohtml\1.9.21\nekohtml-1.9.21.jar;E:\LocalWarehouse\net\sourceforge\cssparser\cssparser\0.9.14\cssparser-0.9.14.jar;E:\LocalWarehouse\org\w3c\css\sac\1.3\sac-1.3.jar;E:\LocalWarehouse\commons-logging\commons-logging\1.1.3\commons-logging-1.1.3.jar;E:\LocalWarehouse\org\eclipse\jetty\jetty-websocket\8.1.15.v20140411\jetty-websocket-8.1.15.v20140411.jar;E:\LocalWarehouse\org\eclipse\jetty\jetty-util\8.1.15.v20140411\jetty-util-8.1.15.v20140411.jar;E:\LocalWarehouse\org\eclipse\jetty\jetty-io\8.1.15.v20140411\jetty-io-8.1.15.v20140411.jar;E:\LocalWarehouse\org\eclipse\jetty\jetty-http\8.1.15.v20140411\jetty-http-8.1.15.v20140411.jar;E:\LocalWarehouse\org\apache\httpcomponents\httpclient\4.3.4\httpclient-4.3.4.jar;E:\LocalWarehouse\org\apache\httpcomponents\httpcore\4.3.2\httpcore-4.3.2.jar;E:\LocalWarehouse\org\seleniumhq\selenium\selenium-firefox-driver\2.44.0\selenium-firefox-driver-2.44.0.jar;E:\LocalWarehouse\commons-io\commons-io\2.4\commons-io-2.4.jar;E:\LocalWarehouse\org\apache\commons\commons-exec\1.1\commons-exec-1.1.jar;E:\LocalWarehouse\org\seleniumhq\selenium\selenium-ie-driver\2.44.0\selenium-ie-driver-2.44.0.jar;E:\LocalWarehouse\net\java\dev\jna\jna\3.4.0\jna-3.4.0.jar;E:\LocalWarehouse\net\java\dev\jna\platform\3.4.0\platform-3.4.0.jar;E:\LocalWarehouse\org\seleniumhq\selenium\selenium-safari-driver\2.44.0\selenium-safari-driver-2.44.0.jar;E:\LocalWarehouse\org\seleniumhq\selenium\selenium-support\2.44.0\selenium-support-2.44.0.jar;E:\LocalWarehouse\org\webbitserver\webbit\0.4.14\webbit-0.4.14.jar;E:\LocalWarehouse\io\netty\netty\3.5.2.Final\netty-3.5.2.Final.jar;E:\LocalWarehouse\com\google\inject\guice\3.0\guice-3.0.jar;E:\LocalWarehouse\javax\inject\javax.inject\1\javax.inject-1.jar;E:\LocalWarehouse\aopalliance\aopalliance\1.0\aopalliance-1.0.jar;E:\LocalWarehouse\net\sf\saxon\saxon\8.7\saxon-8.7.jar;"/>
    <property name="java.vm.specification.version" value="1.8"/>
    <property name="sun.arch.data.model" value="64"/>
    <property name="java.home" value="E:\Java\jdk1.8.0_101\jre"/>
    <property name="sun.java.command" value="C:\Users\ADMINI~1\AppData\Local\Temp\surefirebooter9117695472309990860.jar C:\Users\ADMINI~1\AppData\Local\Temp\surefire6736878440436035276tmp C:\Users\ADMINI~1\AppData\Local\Temp\surefire3294378221944623919tmp"/>
    <property name="java.specification.vendor" value="Oracle Corporation"/>
    <property name="user.language" value="zh"/>
    <property name="awt.toolkit" value="sun.awt.windows.WToolkit"/>
    <property name="java.vm.info" value="mixed mode"/>
    <property name="java.version" value="1.8.0_101"/>
    <property name="java.ext.dirs" value="E:\Java\jdk1.8.0_101\jre\lib\ext;C:\Windows\Sun\Java\lib\ext"/>
    <property name="sun.boot.class.path" value="E:\Java\jdk1.8.0_101\jre\lib\resources.jar;E:\Java\jdk1.8.0_101\jre\lib\rt.jar;E:\Java\jdk1.8.0_101\jre\lib\sunrsasign.jar;E:\Java\jdk1.8.0_101\jre\lib\jsse.jar;E:\Java\jdk1.8.0_101\jre\lib\jce.jar;E:\Java\jdk1.8.0_101\jre\lib\charsets.jar;E:\Java\jdk1.8.0_101\jre\lib\jfr.jar;E:\Java\jdk1.8.0_101\jre\classes"/>
    <property name="java.vendor" value="Oracle Corporation"/>
    <property name="localRepository" value="E:\LocalWarehouse"/>
    <property name="file.separator" value="\"/>
    <property name="java.vendor.url.bug" value="http://bugreport.sun.com/bugreport/"/>
    <property name="sun.cpu.endian" value="little"/>
    <property name="sun.io.unicode.encoding" value="UnicodeLittle"/>
    <property name="sun.desktop" value="windows"/>
    <property name="sun.cpu.isalist" value="amd64"/>
  </properties>
  <testcase classname="com.oa.test.TestLoginOA" name="testlogin" time="21.269"/>
</testsuite>